2025-11-26 20:47:21,464 - ERROR - ❌ 配置加载失败: [Errno 2] No such file or directory: 'config/okx_config.json'
2025-11-26 20:47:21,465 - ERROR - 程序执行失败: [Errno 2] No such file or directory: 'config/okx_config.json'
2025-11-26 20:47:56,004 - ERROR - ❌ 配置加载失败: [Errno 2] No such file or directory: 'okx_config.json'
2025-11-26 20:47:56,005 - ERROR - 程序执行失败: [Errno 2] No such file or directory: 'okx_config.json'
2025-11-26 20:49:05,557 - INFO - ✅ 配置加载成功: BTC-USDT-SWAP
2025-11-26 20:49:05,557 - INFO - 🔐 API配置: API Key前4位 c0f1...
2025-11-26 20:49:05,557 - INFO - 💰 仓位大小: 100.0 USDT
2025-11-26 20:49:05,558 - INFO - 📊 杠杆倍数: 5x
2025-11-26 20:49:05,558 - INFO - 🔄 交易状态重置完成
2025-11-26 20:49:06,076 - INFO - ✅ OKX沙盒API连接成功
2025-11-26 20:49:06,076 - INFO - 🔄 正在从OKX API获取账户初始状态...
2025-11-26 20:49:06,509 - INFO - HTTP Request: GET https://www.okx.com/api/v5/account/balance "HTTP/2 401 Unauthorized"
2025-11-26 20:49:06,512 - WARNING - ⚠️ API余额获取失败，使用模拟余额: 10000 USDT
2025-11-26 20:49:06,512 - INFO - 💰 当前账户余额: 10000.00 USDT
2025-11-26 20:49:06,512 - INFO - 🎯 设置初始余额: 10000.00 USDT
2025-11-26 20:49:06,695 - INFO - HTTP Request: GET https://www.okx.com/api/v5/account/positions?instType=SWAP&instId=BTC-USDT-SWAP "HTTP/2 401 Unauthorized"
2025-11-26 20:49:06,697 - INFO - 📊 初始化完成:
2025-11-26 20:49:06,697 - INFO -    - 初始余额: 10000.00 USDT
2025-11-26 20:49:06,697 - INFO -    - 当前持仓: 0.000000
2025-11-26 20:49:06,698 - INFO -    - 入场价格: 0.00
2025-11-26 20:49:06,698 - INFO -    - 未实现盈亏: +0.00 USDT
2025-11-26 20:49:06,698 - INFO -    - 总权益: 10000.00 USDT
2025-11-26 20:49:06,698 - INFO - 🚀 开始OKX模拟盘交易，持续 60 分钟
2025-11-26 20:49:06,698 - INFO - 🚀 开始OKX模拟盘交易，持续 60 分钟
2025-11-26 20:49:06,699 - INFO - 开始时间: 2025-11-26 20:49:06
2025-11-26 20:49:06,699 - INFO - 结束时间: 2025-11-26 21:49:06
2025-11-26 20:49:06,699 - INFO - 🔄 开始新的交易周期...
2025-11-26 20:49:07,085 - INFO - HTTP Request: GET https://www.okx.com/api/v5/market/candles?instId=BTC-USDT-SWAP&bar=15m&limit=100 "HTTP/2 200 OK"
2025-11-26 20:49:07,308 - INFO - HTTP Request: GET https://www.okx.com/api/v5/account/positions?instType=SWAP&instId=BTC-USDT-SWAP "HTTP/2 401 Unauthorized"
2025-11-26 20:49:07,484 - INFO - HTTP Request: GET https://www.okx.com/api/v5/account/balance "HTTP/2 401 Unauthorized"
2025-11-26 20:49:07,486 - WARNING - ⚠️ API余额获取失败，使用模拟余额: 10000 USDT
2025-11-26 20:49:07,537 - INFO - 📊 当前价格: $86,791.00
2025-11-26 20:49:07,538 - INFO - 📈 均值线: $87,044.57
2025-11-26 20:49:07,538 - INFO - 💰 当前余额: $10000.00
2025-11-26 20:49:07,538 - INFO - 📈 当前持仓: 0.000000
2025-11-26 20:49:07,538 - INFO - 💹 未实现盈亏: $+0.00
2025-11-26 20:49:07,538 - INFO - ✅ 交易周期完成
2025-11-26 20:49:07,539 - INFO - ⏳ 等待 299 秒后进行下一周期 (已完成 1 个周期)...
2025-11-26 20:51:29,287 - INFO - ⏹️ 用户中断交易
2025-11-26 20:51:29,328 - INFO - ✅ 权益曲线已保存到 okx_simulation_equity.csv
2025-11-26 20:51:32,211 - INFO - ✅ 配置加载成功: BTC-USDT-SWAP
2025-11-26 20:51:32,212 - INFO - 🔐 API配置: API Key前4位 0520...
2025-11-26 20:51:32,212 - INFO - 💰 仓位大小: 100.0 USDT
2025-11-26 20:51:32,212 - INFO - 📊 杠杆倍数: 5x
2025-11-26 20:51:32,212 - INFO - 🔄 交易状态重置完成
2025-11-26 20:51:32,500 - INFO - ✅ OKX沙盒API连接成功
2025-11-26 20:51:32,501 - INFO - 🔄 正在从OKX API获取账户初始状态...
2025-11-26 20:51:32,931 - INFO - HTTP Request: GET https://www.okx.com/api/v5/account/balance "HTTP/2 200 OK"
2025-11-26 20:51:33,324 - INFO - HTTP Request: GET https://www.okx.com/api/v5/market/candles?instId=BTC-USDT-SWAP&bar=15m&limit=1 "HTTP/2 200 OK"
2025-11-26 20:51:33,326 - INFO - 💰 当前账户余额: 86700.00 USDT
2025-11-26 20:51:33,326 - INFO - 🎯 设置初始余额: 86700.00 USDT
2025-11-26 20:51:33,516 - INFO - HTTP Request: GET https://www.okx.com/api/v5/account/positions?instType=SWAP&instId=BTC-USDT-SWAP "HTTP/2 200 OK"
2025-11-26 20:51:33,518 - INFO - 📊 初始化完成:
2025-11-26 20:51:33,518 - INFO -    - 初始余额: 86700.00 USDT
2025-11-26 20:51:33,518 - INFO -    - 当前持仓: 0.000000
2025-11-26 20:51:33,519 - INFO -    - 入场价格: 0.00
2025-11-26 20:51:33,519 - INFO -    - 未实现盈亏: +0.00 USDT
2025-11-26 20:51:33,519 - INFO -    - 总权益: 86700.00 USDT
2025-11-26 20:51:33,519 - INFO - 🚀 开始OKX模拟盘交易，持续 60 分钟
2025-11-26 20:51:33,520 - INFO - 🚀 开始OKX模拟盘交易，持续 60 分钟
2025-11-26 20:51:33,520 - INFO - 开始时间: 2025-11-26 20:51:33
2025-11-26 20:51:33,520 - INFO - 结束时间: 2025-11-26 21:51:33
2025-11-26 20:51:33,520 - INFO - 🔄 开始新的交易周期...
2025-11-26 20:51:33,705 - INFO - HTTP Request: GET https://www.okx.com/api/v5/market/candles?instId=BTC-USDT-SWAP&bar=15m&limit=100 "HTTP/2 200 OK"
2025-11-26 20:51:33,884 - INFO - HTTP Request: GET https://www.okx.com/api/v5/account/positions?instType=SWAP&instId=BTC-USDT-SWAP "HTTP/2 200 OK"
2025-11-26 20:51:34,061 - INFO - HTTP Request: GET https://www.okx.com/api/v5/account/balance "HTTP/2 200 OK"
2025-11-26 20:51:34,242 - INFO - HTTP Request: GET https://www.okx.com/api/v5/market/candles?instId=BTC-USDT-SWAP&bar=15m&limit=1 "HTTP/2 200 OK"
2025-11-26 20:51:34,283 - INFO - 📊 当前价格: $86,696.60
2025-11-26 20:51:34,283 - INFO - 📈 均值线: $87,039.86
2025-11-26 20:51:34,283 - INFO - 💰 当前余额: $86696.60
2025-11-26 20:51:34,283 - INFO - 📈 当前持仓: 0.000000
2025-11-26 20:51:34,283 - INFO - 💹 未实现盈亏: $+0.00
2025-11-26 20:51:34,284 - INFO - ✅ 交易周期完成
2025-11-26 20:51:34,284 - INFO - ⏳ 等待 299 秒后进行下一周期 (已完成 1 个周期)...
2025-11-26 20:52:31,700 - INFO - ⏹️ 用户中断交易
2025-11-26 20:52:31,721 - INFO - ✅ 权益曲线已保存到 okx_simulation_equity.csv
2025-11-26 20:52:34,342 - INFO - ✅ 配置加载成功: BTC-USDT-SWAP
2025-11-26 20:52:34,342 - INFO - 🔐 API配置: API Key前4位 0520...
2025-11-26 20:52:34,343 - INFO - 💰 仓位大小: 100.0 USDT
2025-11-26 20:52:34,343 - INFO - 📊 杠杆倍数: 5x
2025-11-26 20:52:34,343 - INFO - 🔄 交易状态重置完成
2025-11-26 20:52:34,535 - INFO - ✅ OKX沙盒API连接成功
2025-11-26 20:52:34,535 - INFO - 🔄 正在从OKX API获取账户初始状态...
2025-11-26 20:52:34,939 - INFO - HTTP Request: GET https://www.okx.com/api/v5/account/balance "HTTP/2 200 OK"
2025-11-26 20:52:35,346 - INFO - HTTP Request: GET https://www.okx.com/api/v5/market/candles?instId=BTC-USDT-SWAP&bar=15m&limit=1 "HTTP/2 200 OK"
2025-11-26 20:52:35,347 - INFO - 💰 当前账户余额: 86622.80 USDT
2025-11-26 20:52:35,348 - INFO - 🎯 设置初始余额: 86622.80 USDT
2025-11-26 20:52:35,560 - INFO - HTTP Request: GET https://www.okx.com/api/v5/account/positions?instType=SWAP&instId=BTC-USDT-SWAP "HTTP/2 200 OK"
2025-11-26 20:52:35,561 - INFO - 📊 初始化完成:
2025-11-26 20:52:35,561 - INFO -    - 初始余额: 86622.80 USDT
2025-11-26 20:52:35,561 - INFO -    - 当前持仓: 0.000000
2025-11-26 20:52:35,561 - INFO -    - 入场价格: 0.00
2025-11-26 20:52:35,562 - INFO -    - 未实现盈亏: +0.00 USDT
2025-11-26 20:52:35,562 - INFO -    - 总权益: 86622.80 USDT
2025-11-26 20:52:35,562 - INFO - 🚀 开始OKX模拟盘交易，持续 60 分钟
2025-11-26 20:52:35,562 - INFO - 🚀 开始OKX模拟盘交易，持续 60 分钟
2025-11-26 20:52:35,562 - INFO - 开始时间: 2025-11-26 20:52:35
2025-11-26 20:52:35,562 - INFO - 结束时间: 2025-11-26 21:52:35
2025-11-26 20:52:35,562 - INFO - 🔄 开始新的交易周期...
2025-11-26 20:52:35,735 - INFO - HTTP Request: GET https://www.okx.com/api/v5/market/candles?instId=BTC-USDT-SWAP&bar=15m&limit=100 "HTTP/2 200 OK"
2025-11-26 20:52:35,926 - INFO - HTTP Request: GET https://www.okx.com/api/v5/account/positions?instType=SWAP&instId=BTC-USDT-SWAP "HTTP/2 200 OK"
2025-11-26 20:52:36,113 - INFO - HTTP Request: GET https://www.okx.com/api/v5/account/balance "HTTP/2 200 OK"
2025-11-26 20:52:36,291 - INFO - HTTP Request: GET https://www.okx.com/api/v5/market/candles?instId=BTC-USDT-SWAP&bar=15m&limit=1 "HTTP/2 200 OK"
2025-11-26 20:52:36,330 - INFO - 📊 当前价格: $86,622.80
2025-11-26 20:52:36,331 - INFO - 📈 均值线: $87,036.17
2025-11-26 20:52:36,331 - INFO - 💰 当前余额: $86622.00
2025-11-26 20:52:36,331 - INFO - 📈 当前持仓: 0.000000
2025-11-26 20:52:36,331 - INFO - 💹 未实现盈亏: $+0.00
2025-11-26 20:52:36,331 - INFO - ✅ 交易周期完成
2025-11-26 20:52:36,331 - INFO - ⏳ 等待 299 秒后进行下一周期 (已完成 1 个周期)...
2025-11-26 20:57:35,580 - INFO - 🔄 开始新的交易周期...
2025-11-26 20:57:35,982 - INFO - HTTP Request: GET https://www.okx.com/api/v5/market/candles?instId=BTC-USDT-SWAP&bar=15m&limit=100 "HTTP/2 200 OK"
2025-11-26 20:57:36,383 - INFO - HTTP Request: GET https://www.okx.com/api/v5/account/positions?instType=SWAP&instId=BTC-USDT-SWAP "HTTP/2 200 OK"
2025-11-26 20:57:36,568 - INFO - HTTP Request: GET https://www.okx.com/api/v5/account/balance "HTTP/2 200 OK"
2025-11-26 20:57:36,761 - INFO - HTTP Request: GET https://www.okx.com/api/v5/market/candles?instId=BTC-USDT-SWAP&bar=15m&limit=1 "HTTP/2 200 OK"
2025-11-26 20:57:36,793 - INFO - 📊 当前价格: $86,654.90
2025-11-26 20:57:36,793 - INFO - 📈 均值线: $87,037.77
2025-11-26 20:57:36,793 - INFO - 💰 当前余额: $86708.90
2025-11-26 20:57:36,793 - INFO - 📈 当前持仓: 0.000000
2025-11-26 20:57:36,794 - INFO - 💹 未实现盈亏: $+0.00
2025-11-26 20:57:36,794 - INFO - ✅ 交易周期完成
2025-11-26 20:57:36,794 - INFO - ⏳ 等待 299 秒后进行下一周期 (已完成 2 个周期)...
2025-11-26 21:02:35,574 - INFO - 🔄 开始新的交易周期...
2025-11-26 21:02:35,973 - INFO - HTTP Request: GET https://www.okx.com/api/v5/market/candles?instId=BTC-USDT-SWAP&bar=15m&limit=100 "HTTP/2 200 OK"
2025-11-26 21:02:36,428 - INFO - HTTP Request: GET https://www.okx.com/api/v5/account/positions?instType=SWAP&instId=BTC-USDT-SWAP "HTTP/2 200 OK"
2025-11-26 21:02:36,623 - INFO - HTTP Request: GET https://www.okx.com/api/v5/account/balance "HTTP/2 200 OK"
2025-11-26 21:02:36,801 - INFO - HTTP Request: GET https://www.okx.com/api/v5/market/candles?instId=BTC-USDT-SWAP&bar=15m&limit=1 "HTTP/2 200 OK"
2025-11-26 21:02:36,832 - INFO - 📊 当前价格: $86,800.00
2025-11-26 21:02:36,833 - INFO - 📈 均值线: $87,009.03
2025-11-26 21:02:36,833 - INFO - 💰 当前余额: $86800.00
2025-11-26 21:02:36,833 - INFO - 📈 当前持仓: 0.000000
2025-11-26 21:02:36,833 - INFO - 💹 未实现盈亏: $+0.00
2025-11-26 21:02:36,833 - INFO - ✅ 交易周期完成
2025-11-26 21:02:36,833 - INFO - ⏳ 等待 299 秒后进行下一周期 (已完成 3 个周期)...
2025-11-26 21:07:35,569 - INFO - 🔄 开始新的交易周期...
2025-11-26 21:07:36,019 - INFO - HTTP Request: GET https://www.okx.com/api/v5/market/candles?instId=BTC-USDT-SWAP&bar=15m&limit=100 "HTTP/2 200 OK"
2025-11-26 21:07:36,465 - INFO - HTTP Request: GET https://www.okx.com/api/v5/account/positions?instType=SWAP&instId=BTC-USDT-SWAP "HTTP/2 200 OK"
2025-11-26 21:07:36,649 - INFO - HTTP Request: GET https://www.okx.com/api/v5/account/balance "HTTP/2 200 OK"
2025-11-26 21:07:36,834 - INFO - HTTP Request: GET https://www.okx.com/api/v5/market/candles?instId=BTC-USDT-SWAP&bar=15m&limit=1 "HTTP/2 200 OK"
2025-11-26 21:07:36,868 - INFO - 📊 当前价格: $86,642.50
2025-11-26 21:07:36,868 - INFO - 📈 均值线: $87,001.15
2025-11-26 21:07:36,869 - INFO - 💰 当前余额: $86642.50
2025-11-26 21:07:36,869 - INFO - 📈 当前持仓: 0.000000
2025-11-26 21:07:36,869 - INFO - 💹 未实现盈亏: $+0.00
2025-11-26 21:07:36,869 - INFO - ✅ 交易周期完成
2025-11-26 21:07:36,869 - INFO - ⏳ 等待 299 秒后进行下一周期 (已完成 4 个周期)...
2025-11-26 21:12:35,702 - INFO - 🔄 开始新的交易周期...
2025-11-26 21:12:36,198 - INFO - HTTP Request: GET https://www.okx.com/api/v5/market/candles?instId=BTC-USDT-SWAP&bar=15m&limit=100 "HTTP/2 200 OK"
2025-11-26 21:12:36,655 - INFO - HTTP Request: GET https://www.okx.com/api/v5/account/positions?instType=SWAP&instId=BTC-USDT-SWAP "HTTP/2 200 OK"
2025-11-26 21:12:36,855 - INFO - HTTP Request: GET https://www.okx.com/api/v5/account/balance "HTTP/2 200 OK"
2025-11-26 21:12:37,059 - INFO - HTTP Request: GET https://www.okx.com/api/v5/market/candles?instId=BTC-USDT-SWAP&bar=15m&limit=1 "HTTP/2 200 OK"
2025-11-26 21:12:37,219 - INFO - 📊 当前价格: $86,785.20
2025-11-26 21:12:37,219 - INFO - 📈 均值线: $87,008.29
2025-11-26 21:12:37,219 - INFO - 💰 当前余额: $86766.00
2025-11-26 21:12:37,219 - INFO - 📈 当前持仓: 0.000000
2025-11-26 21:12:37,219 - INFO - 💹 未实现盈亏: $+0.00
2025-11-26 21:12:37,220 - INFO - ✅ 交易周期完成
2025-11-26 21:12:37,220 - INFO - ⏳ 等待 298 秒后进行下一周期 (已完成 5 个周期)...
2025-11-26 21:17:35,701 - INFO - 🔄 开始新的交易周期...
2025-11-26 21:17:36,115 - INFO - HTTP Request: GET https://www.okx.com/api/v5/market/candles?instId=BTC-USDT-SWAP&bar=15m&limit=100 "HTTP/2 200 OK"
2025-11-26 21:17:36,532 - INFO - HTTP Request: GET https://www.okx.com/api/v5/account/positions?instType=SWAP&instId=BTC-USDT-SWAP "HTTP/2 200 OK"
2025-11-26 21:17:36,705 - INFO - HTTP Request: GET https://www.okx.com/api/v5/account/balance "HTTP/2 200 OK"
2025-11-26 21:17:36,888 - INFO - HTTP Request: GET https://www.okx.com/api/v5/market/candles?instId=BTC-USDT-SWAP&bar=15m&limit=1 "HTTP/2 200 OK"
2025-11-26 21:17:36,923 - INFO - 📊 当前价格: $86,635.00
2025-11-26 21:17:36,924 - INFO - 📈 均值线: $86,962.12
2025-11-26 21:17:36,924 - INFO - 💰 当前余额: $86633.10
2025-11-26 21:17:36,924 - INFO - 📈 当前持仓: 0.000000
2025-11-26 21:17:36,924 - INFO - 💹 未实现盈亏: $+0.00
2025-11-26 21:17:36,924 - INFO - ✅ 交易周期完成
2025-11-26 21:17:36,924 - INFO - ⏳ 等待 299 秒后进行下一周期 (已完成 6 个周期)...
2025-11-26 21:22:35,699 - INFO - 🔄 开始新的交易周期...
2025-11-26 21:22:36,110 - INFO - HTTP Request: GET https://www.okx.com/api/v5/market/candles?instId=BTC-USDT-SWAP&bar=15m&limit=100 "HTTP/2 200 OK"
2025-11-26 21:22:36,531 - INFO - HTTP Request: GET https://www.okx.com/api/v5/account/positions?instType=SWAP&instId=BTC-USDT-SWAP "HTTP/2 200 OK"
2025-11-26 21:22:36,722 - INFO - HTTP Request: GET https://www.okx.com/api/v5/account/balance "HTTP/2 200 OK"
2025-11-26 21:22:36,904 - INFO - HTTP Request: GET https://www.okx.com/api/v5/market/candles?instId=BTC-USDT-SWAP&bar=15m&limit=1 "HTTP/2 200 OK"
2025-11-26 21:22:36,940 - INFO - 📊 当前价格: $86,690.20
2025-11-26 21:22:36,941 - INFO - 📈 均值线: $86,964.88
2025-11-26 21:22:36,941 - INFO - 💰 当前余额: $86690.20
2025-11-26 21:22:36,941 - INFO - 📈 当前持仓: 0.000000
2025-11-26 21:22:36,941 - INFO - 💹 未实现盈亏: $+0.00
2025-11-26 21:22:36,941 - INFO - ✅ 交易周期完成
2025-11-26 21:22:36,941 - INFO - ⏳ 等待 299 秒后进行下一周期 (已完成 7 个周期)...
